<?xml version="1.0" encoding="UTF-8"?>
<testsuite xmlns:xsi="http://www.w3.org/2001/XMLSchema-instance" xsi:noNamespaceSchemaLocation="https://maven.apache.org/surefire/maven-surefire-plugin/xsd/surefire-test-report-3.0.xsd" version="3.0" name="TestSuite" time="0.8" tests="9" errors="0" skipped="3" failures="3">
  <properties>
[...]
</properties>
  <testcase name="TestOne" classname="testNgDemo.DemoTest1" time="0.015"/>
  <testcase name="TestTwo" classname="testNgDemo.DemoTest1" time="0.015">
    <failure message="expected [true] but found [false]" type="java.lang.AssertionError">java.lang.AssertionError: expected [true] but found [false]
	at testNgDemo.DemoTest1.TestTwo(DemoTest1.java:16)
</failure>
  </testcase>
  <testcase name="TestThird" classname="testNgDemo.DemoTest1" time="0">
    <skipped/>
  </testcase>
  <testcase name="TestTwo" classname="testNgDemo.DemoTest2" time="0.001">
    <failure message="expected [true] but found [false]" type="java.lang.AssertionError">java.lang.AssertionError: expected [true] but found [false]
	at testNgDemo.DemoTest2.TestTwo(DemoTest2.java:16)
</failure>
  </testcase>
  <testcase name="TestOne" classname="testNgDemo.DemoTest2" time="0.001"/>
  <testcase name="TestThird" classname="testNgDemo.DemoTest2" time="0">
    <skipped/>
  </testcase>
  <testcase name="TestOne" classname="testNgDemo.DemoTest3" time="0.001"/>
  <testcase name="TestTwo" classname="testNgDemo.DemoTest3" time="0.001">
    <failure message="expected [true] but found [false]" type="java.lang.AssertionError">java.lang.AssertionError: expected [true] but found [false]
	at testNgDemo.DemoTest3.TestTwo(DemoTest3.java:16)
</failure>
  </testcase>
  <testcase name="TestThird" classname="testNgDemo.DemoTest3" time="0">
    <skipped/>
  </testcase>
</testsuite>